[debug] [2024-09-03T17:03:33.584Z] ----------------------------------------------------------------------
[debug] [2024-09-03T17:03:33.588Z] Command:       C:\Program Files\nodejs\node.exe C:\Users\smc56\AppData\Roaming\npm\node_modules\firebase-tools\lib\bin\firebase.js init hosting
[debug] [2024-09-03T17:03:33.589Z] CLI Version:   13.15.1
[debug] [2024-09-03T17:03:33.589Z] Platform:      win32
[debug] [2024-09-03T17:03:33.589Z] Node Version:  v20.13.1
[debug] [2024-09-03T17:03:33.589Z] Time:          Tue Sep 03 2024 13:03:33 GMT-0400 (Eastern Daylight Time)
[debug] [2024-09-03T17:03:33.590Z] ----------------------------------------------------------------------
[debug] 
[debug] [2024-09-03T17:03:33.596Z] >>> [apiv2][query] GET https://firebase-public.firebaseio.com/cli.json [none]
[debug] [2024-09-03T17:03:33.704Z] > command requires scopes: ["email","openid","https://www.googleapis.com/auth/cloudplatformprojects.readonly","https://www.googleapis.com/auth/firebase","https://www.googleapis.com/auth/cloud-platform"]
[debug] [2024-09-03T17:03:33.705Z] > authorizing via signed-in user (smc56462@gmail.com)
[info] 
     ######## #### ########  ######## ########     ###     ######  ########
     ##        ##  ##     ## ##       ##     ##  ##   ##  ##       ##
     ######    ##  ########  ######   ########  #########  ######  ######
     ##        ##  ##    ##  ##       ##     ## ##     ##       ## ##
     ##       #### ##     ## ######## ########  ##     ##  ######  ########

You're about to initialize a Firebase project in this directory:

  C:\Users\smc56\OneDrive\Documents\MIT xPRO\Module-24\ra24.3

[debug] [2024-09-03T17:03:33.923Z] <<< [apiv2][status] GET https://firebase-public.firebaseio.com/cli.json 200
[debug] [2024-09-03T17:03:33.924Z] <<< [apiv2][body] GET https://firebase-public.firebaseio.com/cli.json {"cloudBuildErrorAfter":1594252800000,"cloudBuildWarnAfter":1590019200000,"defaultNode10After":1594252800000,"minVersion":"3.0.5","node8DeploysDisabledAfter":1613390400000,"node8RuntimeDisabledAfter":1615809600000,"node8WarnAfter":1600128000000}
[info] 
=== Project Setup
[info] 
[info] First, let's associate this project directory with a Firebase project.
[info] You can create multiple project aliases by running firebase use --add, 
[info] but for now we'll just set up a default project.
[info] 
[debug] [2024-09-03T17:03:42.999Z] > refreshing access token with scopes: []
[debug] [2024-09-03T17:03:43.001Z] >>> [apiv2][query] POST https://www.googleapis.com/oauth2/v3/token [none]
[debug] [2024-09-03T17:03:43.001Z] >>> [apiv2][body] POST https://www.googleapis.com/oauth2/v3/token [omitted]
[debug] [2024-09-03T17:03:43.208Z] <<< [apiv2][status] POST https://www.googleapis.com/oauth2/v3/token 200
[debug] [2024-09-03T17:03:43.208Z] <<< [apiv2][body] POST https://www.googleapis.com/oauth2/v3/token [omitted]
[debug] [2024-09-03T17:03:43.230Z] >>> [apiv2][query] GET https://firebase.googleapis.com/v1beta1/projects pageSize=100
[debug] [2024-09-03T17:03:43.752Z] <<< [apiv2][status] GET https://firebase.googleapis.com/v1beta1/projects 200
[debug] [2024-09-03T17:03:43.752Z] <<< [apiv2][body] GET https://firebase.googleapis.com/v1beta1/projects [omitted]
[info] i  Using project my-bucket-list-94d10 (my-bucket-list) 
[info] 
=== Hosting Setup
[debug] [2024-09-03T17:04:28.392Z] >>> [apiv2][query] GET https://firebase.googleapis.com/v1beta1/projects/my-bucket-list-94d10 [none]
[debug] [2024-09-03T17:04:28.647Z] <<< [apiv2][status] GET https://firebase.googleapis.com/v1beta1/projects/my-bucket-list-94d10 200
[debug] [2024-09-03T17:04:28.647Z] <<< [apiv2][body] GET https://firebase.googleapis.com/v1beta1/projects/my-bucket-list-94d10 {"projectId":"my-bucket-list-94d10","projectNumber":"287114995422","displayName":"my-bucket-list","name":"projects/my-bucket-list-94d10","resources":{"hostingSite":"my-bucket-list-94d10","realtimeDatabaseInstance":"my-bucket-list-94d10-default-rtdb"},"state":"ACTIVE","etag":"1_c6a63bb1-eebf-4142-b785-8198b8f7d6ab"}
[info] 
[info] Your public directory is the folder (relative to your project directory) that
[info] will contain Hosting assets to be uploaded with firebase deploy. If you
[info] have a build process for your assets, use your build's output directory.
[info] 
